#-----------------------------------------------------------
# Vivado v2019.1 (64-bit)
# SW Build 2552052 on Fri May 24 14:49:42 MDT 2019
# IP Build 2548770 on Fri May 24 18:01:18 MDT 2019
# Start of session at: Tue Jun 28 00:06:55 2022
# Process ID: 4200
# Current directory: D:/Ray/Vivado/OpenMIPS
# Command line: vivado.exe -gui_launcher_event rodinguilauncherevent11900 D:\Ray\Vivado\OpenMIPS\OpenMIPS.xpr
# Log file: D:/Ray/Vivado/OpenMIPS/vivado.log
# Journal file: D:/Ray/Vivado/OpenMIPS\vivado.jou
#-----------------------------------------------------------
start_gui
open_project D:/Ray/Vivado/OpenMIPS/OpenMIPS.xpr
INFO: [Project 1-313] Project file moved from 'E:/codehub/OpenMIPS_without_ddr/OpenMIPS' since last save.
Scanning sources...
Finished scanning sources
WARNING: [Project 1-509] GeneratedRun file for 'synth_1' not found
WARNING: [Project 1-509] GeneratedRun file for 'blk_mem_gen_0_synth_1' not found
WARNING: [Project 1-509] GeneratedRun file for 'rom0_synth_1' not found
WARNING: [Project 1-509] GeneratedRun file for 'mig_7series_0_synth_1' not found
WARNING: [Project 1-509] GeneratedRun file for 'clk_wiz_0_synth_1' not found
WARNING: [Project 1-509] GeneratedRun file for 'blk_mem_gen_1_synth_1' not found
WARNING: [Project 1-509] GeneratedRun file for 'impl_1' not found
INFO: [IP_Flow 19-234] Refreshing IP repositories
INFO: [IP_Flow 19-1704] No user IP repositories specified
INFO: [IP_Flow 19-2313] Loaded Vivado IP repository 'D:/Xilinx/Vivado/2019.1/data/ip'.
open_project: Time (s): cpu = 00:00:30 ; elapsed = 00:00:13 . Memory (MB): peak = 705.004 ; gain = 82.625
update_compile_order -fileset sources_1
launch_runs impl_1 -to_step write_bitstream -jobs 2
INFO: [IP_Flow 19-1686] Generating 'Synthesis' target for IP 'blk_mem_gen_0'...
INFO: [IP_Flow 19-1686] Generating 'Synthesis' target for IP 'rom0'...
INFO: [IP_Flow 19-1686] Generating 'Synthesis' target for IP 'mig_7series_0'...
INFO: [IP_Flow 19-1686] Generating 'Implementation' target for IP 'mig_7series_0'...
INFO: [IP_Flow 19-1686] Generating 'Synthesis' target for IP 'blk_mem_gen_1'...
[Tue Jun 28 00:08:27 2022] Launched blk_mem_gen_0_synth_1, rom0_synth_1, mig_7series_0_synth_1, clk_wiz_0_synth_1, blk_mem_gen_1_synth_1, synth_1...
Run output will be captured here:
blk_mem_gen_0_synth_1: D:/Ray/Vivado/OpenMIPS/OpenMIPS.runs/blk_mem_gen_0_synth_1/runme.log
rom0_synth_1: D:/Ray/Vivado/OpenMIPS/OpenMIPS.runs/rom0_synth_1/runme.log
mig_7series_0_synth_1: D:/Ray/Vivado/OpenMIPS/OpenMIPS.runs/mig_7series_0_synth_1/runme.log
clk_wiz_0_synth_1: D:/Ray/Vivado/OpenMIPS/OpenMIPS.runs/clk_wiz_0_synth_1/runme.log
blk_mem_gen_1_synth_1: D:/Ray/Vivado/OpenMIPS/OpenMIPS.runs/blk_mem_gen_1_synth_1/runme.log
synth_1: D:/Ray/Vivado/OpenMIPS/OpenMIPS.runs/synth_1/runme.log
[Tue Jun 28 00:08:30 2022] Launched impl_1...
Run output will be captured here: D:/Ray/Vivado/OpenMIPS/OpenMIPS.runs/impl_1/runme.log
launch_runs: Time (s): cpu = 00:00:46 ; elapsed = 00:00:38 . Memory (MB): peak = 1057.156 ; gain = 294.773
WARNING: [IP_Flow 19-4067] Ignoring invalid widget type specified checkbox.Providing a default widget
WARNING: [IP_Flow 19-4067] Ignoring invalid widget type specified checkbox.Providing a default widget
export_ip_user_files -of_objects  [get_files D:/Ray/Vivado/OpenMIPS/OpenMIPS.srcs/sources_1/ip/blk_mem_gen_0_1/blk_mem_gen_0.xci] -no_script -reset -force -quiet
remove_files  -fileset blk_mem_gen_0 D:/Ray/Vivado/OpenMIPS/OpenMIPS.srcs/sources_1/ip/blk_mem_gen_0_1/blk_mem_gen_0.xci
INFO: [Project 1-386] Moving file 'D:/Ray/Vivado/OpenMIPS/OpenMIPS.srcs/sources_1/ip/blk_mem_gen_0_1/blk_mem_gen_0.xci' from fileset 'blk_mem_gen_0' to fileset 'sources_1'.
INFO: [Project 1-386] Moving file 'D:/Ray/Vivado/OpenMIPS/OpenMIPS.srcs/sources_1/ip/blk_mem_gen_0_1.xcix' from fileset 'blk_mem_gen_0' to fileset 'sources_1'.
file delete -force D:/Ray/Vivado/OpenMIPS/OpenMIPS.srcs/sources_1/ip/blk_mem_gen_0_1.xcix
export_ip_user_files -of_objects  [get_files D:/Ray/Vivado/OpenMIPS/OpenMIPS.srcs/sources_1/ip/blk_mem_gen_1/blk_mem_gen_1.xci] -no_script -reset -force -quiet
remove_files  -fileset blk_mem_gen_1 D:/Ray/Vivado/OpenMIPS/OpenMIPS.srcs/sources_1/ip/blk_mem_gen_1/blk_mem_gen_1.xci
INFO: [Project 1-386] Moving file 'D:/Ray/Vivado/OpenMIPS/OpenMIPS.srcs/sources_1/ip/blk_mem_gen_1/blk_mem_gen_1.xci' from fileset 'blk_mem_gen_1' to fileset 'sources_1'.
INFO: [Project 1-386] Moving file 'D:/Ray/Vivado/OpenMIPS/OpenMIPS.srcs/sources_1/ip/blk_mem_gen_1.xcix' from fileset 'blk_mem_gen_1' to fileset 'sources_1'.
file delete -force D:/Ray/Vivado/OpenMIPS/OpenMIPS.srcs/sources_1/ip/blk_mem_gen_1.xcix
export_ip_user_files -of_objects  [get_files D:/Ray/Vivado/OpenMIPS/OpenMIPS.srcs/sources_1/ip/rom0/rom0.xci] -no_script -reset -force -quiet
remove_files  -fileset rom0 D:/Ray/Vivado/OpenMIPS/OpenMIPS.srcs/sources_1/ip/rom0/rom0.xci
INFO: [Project 1-386] Moving file 'D:/Ray/Vivado/OpenMIPS/OpenMIPS.srcs/sources_1/ip/rom0/rom0.xci' from fileset 'rom0' to fileset 'sources_1'.
INFO: [Project 1-386] Moving file 'D:/Ray/Vivado/OpenMIPS/OpenMIPS.srcs/sources_1/ip/rom0.xcix' from fileset 'rom0' to fileset 'sources_1'.
file delete -force D:/Ray/Vivado/OpenMIPS/OpenMIPS.srcs/sources_1/ip/rom0.xcix
update_compile_order -fileset sources_1
reset_run synth_1
launch_runs impl_1 -to_step write_bitstream -jobs 2
[Tue Jun 28 00:18:21 2022] Launched synth_1...
Run output will be captured here: D:/Ray/Vivado/OpenMIPS/OpenMIPS.runs/synth_1/runme.log
[Tue Jun 28 00:18:21 2022] Launched impl_1...
Run output will be captured here: D:/Ray/Vivado/OpenMIPS/OpenMIPS.runs/impl_1/runme.log
open_hw
connect_hw_server -url localhost:3121
INFO: [Labtools 27-2285] Connecting to hw_server url TCP:localhost:3121
INFO: [Labtools 27-2222] Launching hw_server...
INFO: [Labtools 27-2221] Launch Output:

****** Xilinx hw_server v2019.1
  **** Build date : May 24 2019 at 15:13:31
    ** Copyright 1986-2019 Xilinx, Inc. All Rights Reserved.
ERROR: [Labtools 27-2220] Launch Error:
Unable to launch local hw_server executable.

ERROR: [Common 17-39] 'connect_hw_server' failed due to earlier errors.
connect_hw_server
INFO: [Labtools 27-2285] Connecting to hw_server url TCP:localhost:3121
INFO: [Labtools 27-2222] Launching hw_server...
INFO: [Labtools 27-2221] Launch Output:

****** Xilinx hw_server v2019.1
  **** Build date : May 24 2019 at 15:13:31
    ** Copyright 1986-2019 Xilinx, Inc. All Rights Reserved.
ERROR: [Labtools 27-2220] Launch Error:
Unable to launch local hw_server executable.

ERROR: [Common 17-39] 'connect_hw_server' failed due to earlier errors.
connect_hw_server
INFO: [Labtools 27-2285] Connecting to hw_server url TCP:localhost:3121
INFO: [Labtools 27-2222] Launching hw_server...
INFO: [Labtools 27-2221] Launch Output:

****** Xilinx hw_server v2019.1
  **** Build date : May 24 2019 at 15:13:31
    ** Copyright 1986-2019 Xilinx, Inc. All Rights Reserved.
ERROR: [Labtools 27-2220] Launch Error:
Unable to launch local hw_server executable.

ERROR: [Common 17-39] 'connect_hw_server' failed due to earlier errors.
exit
INFO: [Common 17-206] Exiting Vivado at Tue Jun 28 00:34:35 2022...
